{
  "RSpec": {
    "coverage": {
      "/Users/felixharrison/Projects/week4/databases/bookmark_manager/bookmarks/app/app.rb": [
        1,
        null,
        1,
        1,
        1,
        1,
        null,
        1,
        null,
        1,
        null,
        1,
        2,
        null,
        null,
        1,
        5,
        5,
        null,
        null,
        1,
        4,
        4,
        4,
        9,
        4,
        4,
        null,
        null,
        1,
        4,
        null,
        null,
        1,
        1,
        1,
        1,
        1,
        null,
        null,
        1,
        2,
        null,
        null,
        1,
        2,
        2,
        null,
        null,
        1,
        2,
        2,
        2,
        null,
        null,
        null,
        null,
        null,
        1,
        null
      ],
      "/Users/felixharrison/Projects/week4/databases/bookmark_manager/bookmarks/app/models/user.rb": [
        1,
        1,
        null,
        1,
        1,
        null,
        1,
        1,
        1,
        null,
        null,
        null
      ],
      "/Users/felixharrison/Projects/week4/databases/bookmark_manager/bookmarks/app/data_mapper_setup.rb": [
        1,
        1,
        null,
        1,
        1,
        null,
        null,
        1,
        1
      ],
      "/Users/felixharrison/Projects/week4/databases/bookmark_manager/bookmarks/app/models/tag.rb": [
        1,
        1,
        null,
        1,
        null,
        1,
        null,
        1,
        null,
        1,
        1,
        null,
        1,
        9,
        null,
        null,
        null
      ],
      "/Users/felixharrison/Projects/week4/databases/bookmark_manager/bookmarks/spec/features/add_tag_spec.rb": [
        1,
        null,
        1,
        1,
        1,
        1,
        1,
        1,
        null,
        null,
        1,
        1,
        1,
        1,
        1,
        null,
        null
      ],
      "/Users/felixharrison/Projects/week4/databases/bookmark_manager/bookmarks/spec/features/add_users_spec.rb": [
        null,
        1,
        null,
        1,
        1,
        1,
        1,
        1,
        1,
        null,
        4,
        null,
        null,
        1,
        1,
        1,
        1,
        1,
        1,
        1,
        null,
        1,
        null,
        null,
        null
      ],
      "/Users/felixharrison/Projects/week4/databases/bookmark_manager/bookmarks/spec/features/creating_links_spec.rb": [
        1,
        null,
        1,
        1,
        1,
        1,
        1,
        1,
        1,
        null,
        null
      ],
      "/Users/felixharrison/Projects/week4/databases/bookmark_manager/bookmarks/spec/features/search_tags_spec.rb": [
        1,
        null,
        1,
        1,
        1,
        1,
        1,
        1,
        1,
        null,
        null,
        null
      ],
      "/Users/felixharrison/Projects/week4/databases/bookmark_manager/bookmarks/spec/features/see_links_spec.rb": [
        1,
        null,
        1,
        1,
        1,
        1,
        1,
        1,
        1,
        null,
        null
      ],
      "/Users/felixharrison/Projects/week4/databases/bookmark_manager/bookmarks/spec/link_spec.rb": [
        1,
        null,
        1,
        1,
        null,
        null,
        null,
        null
      ]
    },
    "timestamp": 1476985800
  }
}
