{
  "RSpec": {
    "coverage": {
      "/Users/frankiebell/Makers/Projects/week-4/day3/bookmark_manager/app/app.rb": [
        1,
        null,
        1,
        1,
        1,
        null,
        1,
        1,
        0,
        null,
        null,
        1,
        4,
        4,
        null,
        null,
        1,
        3,
        3,
        3,
        3,
        3,
        null,
        null,
        1,
        3,
        null,
        null,
        1,
        1,
        1,
        1,
        1,
        1,
        1,
        1,
        null,
        null,
        null,
        null,
        1,
        null
      ],
      "/Users/frankiebell/Makers/Projects/week-4/day3/bookmark_manager/app/data_mapper_setup.rb": [
        1,
        1,
        null,
        1,
        1,
        null,
        null,
        1,
        1,
        1
      ],
      "/Users/frankiebell/Makers/Projects/week-4/day3/bookmark_manager/app/models/tag.rb": [
        1,
        1,
        null,
        1,
        null,
        1,
        null,
        1,
        null,
        1,
        1,
        null,
        null
      ],
      "/Users/frankiebell/Makers/Projects/week-4/day3/bookmark_manager/spec/features/creating_links_spec.rb": [
        1,
        null,
        1,
        1,
        1,
        1,
        1,
        1,
        1,
        null,
        null
      ],
      "/Users/frankiebell/Makers/Projects/week-4/day3/bookmark_manager/spec/features/search_tags_spec.rb": [
        1,
        null,
        1,
        1,
        1,
        1,
        1,
        1,
        1,
        null,
        null
      ],
      "/Users/frankiebell/Makers/Projects/week-4/day3/bookmark_manager/spec/features/see_links_spec.rb": [
        1,
        null,
        1,
        1,
        1,
        1,
        1,
        1,
        1,
        null,
        null
      ],
      "/Users/frankiebell/Makers/Projects/week-4/day3/bookmark_manager/spec/link_spec.rb": [
        1,
        null,
        1,
        1,
        null,
        null,
        null,
        null
      ]
    },
    "timestamp": 1476962359
  }
}
